2020-05-05 16:38:39,543  INFO [main] WebEventListener:14 - Before navigating to: 'https://www.zoopla.co.uk/'
2020-05-05 16:39:30,446 ERROR [main] WebEventListener:55 - Exception occured: org.openqa.selenium.TimeoutException: timeout
  (Session info: chrome=81.0.4044.129)
  (Driver info: chromedriver=2.40.565498 (ea082db3280dd6843ebfb08a625e3eb905c4f5ab),platform=Windows NT 10.0.18363 x86_64) (WARNING: The server did not provide any stacktrace information)
Command duration or timeout: 0 milliseconds
Build info: version: '3.141.59', revision: 'e82be7d358', time: '2018-11-14T08:17:03'
System info: host: 'LAPTOP-UEI0PMPE', ip: '192.168.0.107', os.name: 'Windows 10', os.arch: 'amd64', os.version: '10.0', java.version: '1.8.0_211'
Driver info: org.openqa.selenium.chrome.ChromeDriver
Capabilities {acceptInsecureCerts: false, acceptSslCerts: false, applicationCacheEnabled: false, browserConnectionEnabled: false, browserName: chrome, chrome: {chromedriverVersion: 2.40.565498 (ea082db3280dd6..., userDataDir: C:\Users\Pradeep\AppData\Lo...}, cssSelectorsEnabled: true, databaseEnabled: false, handlesAlerts: true, hasTouchScreen: false, javascriptEnabled: true, locationContextEnabled: true, mobileEmulationEnabled: false, nativeEvents: true, networkConnectionEnabled: false, pageLoadStrategy: normal, platform: XP, platformName: XP, rotatable: false, setWindowRect: true, takesHeapSnapshot: true, takesScreenshot: true, unexpectedAlertBehaviour: , unhandledPromptBehavior: , version: 81.0.4044.129, webStorageEnabled: true}
Session ID: 4f0c493699b787a512e5fad364d258d7
2020-05-05 16:39:52,266  INFO [main] WebEventListener:14 - Before navigating to: 'https://www.zoopla.co.uk/'
2020-05-05 16:40:37,684  INFO [main] WebEventListener:18 - Navigated to:'https://www.zoopla.co.uk/'
2020-05-05 16:40:37,812  INFO [main] HomePage:64 - Trying to find Element By : By.name: q
2020-05-05 16:40:37,933  INFO [main] HomePage:68 - Found Element By : By.name: q
2020-05-05 16:40:38,492  INFO [main] HomePage:64 - Trying to find Element By : By.xpath: //button[@type='submit']
2020-05-05 16:40:38,932  INFO [main] HomePage:68 - Found Element By : By.xpath: //button[@type='submit']
2020-05-05 16:40:38,933  INFO [main] HomePage:31 - Trying to click on: [[ChromeDriver: chrome on XP (71a556a209100a1f21292dbb804b667b)] -> xpath: //button[@type='submit']]
2020-05-05 16:40:39,160  INFO [main] HomePage:35 - Clicked on: [[ChromeDriver: chrome on XP (71a556a209100a1f21292dbb804b667b)] -> xpath: //button[@type='submit']]
2020-05-05 16:40:39,298  INFO [main] ForSalePage:64 - Trying to find Element By : By.xpath: //li[contains(@id,'listing_')]//a[contains(@class, 'price')]
2020-05-05 16:40:39,422  INFO [main] ForSalePage:68 - Found Element By : By.xpath: //li[contains(@id,'listing_')]//a[contains(@class, 'price')]
2020-05-05 16:40:54,790  INFO [main] WebEventListener:14 - Before navigating to: 'https://www.zoopla.co.uk/'
2020-05-05 16:40:59,110  INFO [main] WebEventListener:18 - Navigated to:'https://www.zoopla.co.uk/'
2020-05-05 16:40:59,112  INFO [main] HomePage:64 - Trying to find Element By : By.name: q
2020-05-05 16:40:59,141  INFO [main] HomePage:68 - Found Element By : By.name: q
2020-05-05 16:40:59,283  INFO [main] HomePage:64 - Trying to find Element By : By.xpath: //button[@type='submit']
2020-05-05 16:40:59,307  INFO [main] HomePage:68 - Found Element By : By.xpath: //button[@type='submit']
2020-05-05 16:40:59,308  INFO [main] HomePage:31 - Trying to click on: [[ChromeDriver: chrome on XP (aad846fd5122276a559defe635fd7ebe)] -> xpath: //button[@type='submit']]
2020-05-05 16:40:59,498  INFO [main] HomePage:35 - Clicked on: [[ChromeDriver: chrome on XP (aad846fd5122276a559defe635fd7ebe)] -> xpath: //button[@type='submit']]
2020-05-05 16:40:59,499  INFO [main] ForSalePage:64 - Trying to find Element By : By.tagName: h1
2020-05-05 16:40:59,595  INFO [main] ForSalePage:68 - Found Element By : By.tagName: h1
2020-05-05 16:41:24,322  INFO [main] WebEventListener:14 - Before navigating to: 'https://www.zoopla.co.uk/'
2020-05-05 16:41:30,655  INFO [main] WebEventListener:18 - Navigated to:'https://www.zoopla.co.uk/'
2020-05-05 16:41:30,657  INFO [main] HomePage:64 - Trying to find Element By : By.name: q
2020-05-05 16:41:30,828  INFO [main] HomePage:68 - Found Element By : By.name: q
2020-05-05 16:41:31,175  INFO [main] HomePage:64 - Trying to find Element By : By.xpath: //button[@type='submit']
2020-05-05 16:41:31,200  INFO [main] HomePage:68 - Found Element By : By.xpath: //button[@type='submit']
2020-05-05 16:41:31,200  INFO [main] HomePage:31 - Trying to click on: [[ChromeDriver: chrome on XP (6b08b86ae060e5a6c14fa60762b121f9)] -> xpath: //button[@type='submit']]
2020-05-05 16:41:37,491  INFO [main] HomePage:35 - Clicked on: [[ChromeDriver: chrome on XP (6b08b86ae060e5a6c14fa60762b121f9)] -> xpath: //button[@type='submit']]
2020-05-05 16:41:37,492  INFO [main] ForSalePage:64 - Trying to find Element By : By.xpath: //i[contains(@class,'cancel')]
2020-05-05 16:41:37,515 ERROR [main] ForSalePage:55 - Exception occured: org.openqa.selenium.NoSuchElementException: no such element: Unable to locate element: {"method":"xpath","selector":"//i[contains(@class,'cancel')]"}
  (Session info: chrome=81.0.4044.129)
  (Driver info: chromedriver=2.40.565498 (ea082db3280dd6843ebfb08a625e3eb905c4f5ab),platform=Windows NT 10.0.18363 x86_64) (WARNING: The server did not provide any stacktrace information)
Command duration or timeout: 0 milliseconds
For documentation on this error, please visit: https://www.seleniumhq.org/exceptions/no_such_element.html
Build info: version: '3.141.59', revision: 'e82be7d358', time: '2018-11-14T08:17:03'
System info: host: 'LAPTOP-UEI0PMPE', ip: '192.168.0.107', os.name: 'Windows 10', os.arch: 'amd64', os.version: '10.0', java.version: '1.8.0_211'
Driver info: org.openqa.selenium.chrome.ChromeDriver
Capabilities {acceptInsecureCerts: false, acceptSslCerts: false, applicationCacheEnabled: false, browserConnectionEnabled: false, browserName: chrome, chrome: {chromedriverVersion: 2.40.565498 (ea082db3280dd6..., userDataDir: C:\Users\Pradeep\AppData\Lo...}, cssSelectorsEnabled: true, databaseEnabled: false, handlesAlerts: true, hasTouchScreen: false, javascriptEnabled: true, locationContextEnabled: true, mobileEmulationEnabled: false, nativeEvents: true, networkConnectionEnabled: false, pageLoadStrategy: normal, platform: XP, platformName: XP, rotatable: false, setWindowRect: true, takesHeapSnapshot: true, takesScreenshot: true, unexpectedAlertBehaviour: , unhandledPromptBehavior: , version: 81.0.4044.129, webStorageEnabled: true}
Session ID: 6b08b86ae060e5a6c14fa60762b121f9
*** Element info: {Using=xpath, value=//i[contains(@class,'cancel')]}
